This is pdfTeX, Version 3.141592653-2.6-1.40.24 (MiKTeX 22.1) (preloaded format=pdflatex 2025.4.14)  14 APR 2025 12:36
entering extended mode
 restricted \write18 enabled.
 %&-line parsing enabled.
**./main.tex
(main.tex
LaTeX2e <2024-11-01> patch level 2
L3 programming layer <2025-01-18>

(/Users/jake/Library/Application Support/MiKTeX/texmfs/install/tex/latex/base/r
eport.cls
Document Class: report 2024/06/29 v1.4n Standard LaTeX document class

(/Users/jake/Library/Application Support/MiKTeX/texmfs/install/tex/latex/base/s
ize11.clo
File: size11.clo 2024/06/29 v1.4n Standard LaTeX file (size option)
)
\c@part=\count196
\c@chapter=\count197
\c@section=\count198
\c@subsection=\count199
\c@subsubsection=\count266
\c@paragraph=\count267
\c@subparagraph=\count268
\c@figure=\count269
\c@table=\count270
\abovecaptionskip=\skip49
\belowcaptionskip=\skip50
\bibindent=\dimen141
)
(/Users/jake/Library/Application Support/MiKTeX/texmfs/install/tex/latex/cite/c
ite.sty
LaTeX Info: Redefining \cite on input line 302.
LaTeX Info: Redefining \nocite on input line 332.
Package: cite 2015/02/27  v 5.5
)
(/Users/jake/Library/Application Support/MiKTeX/texmfs/install/tex/latex/blindt
ext/blindtext.sty
Package: blindtext 2012/01/06 V2.0 blindtext-Package

(/Users/jake/Library/Application Support/MiKTeX/texmfs/install/tex/latex/tools/
xspace.sty
Package: xspace 2014/10/28 v1.13 Space after command names (DPC,MH)
)
\c@blindtext=\count271
\c@Blindtext=\count272
\c@blind@countparstart=\count273
\blind@countxx=\count274
\blindtext@numBlindtext=\count275
\blind@countyy=\count276
\c@blindlist=\count277
\c@blindlistlevel=\count278
\c@blindlist@level=\count279
\blind@listitem=\count280
\c@blind@listcount=\count281
\c@blind@levelcount=\count282
\blind@mathformula=\count283
\blind@Mathformula=\count284
\c@blind@randomcount=\count285
\c@blind@randommax=\count286
\c@blind@pangramcount=\count287
\c@blind@pangrammax=\count288
)
(/Users/jake/Library/Application Support/MiKTeX/texmfs/install/tex/latex/base/f
ontenc.sty
Package: fontenc 2021/04/29 v2.0v Standard LaTeX package
)
(/Users/jake/Library/Application Support/MiKTeX/texmfs/install/tex/latex/base/i
nputenc.sty
Package: inputenc 2024/02/08 v1.3d Input encoding file
\inpenc@prehook=\toks17
\inpenc@posthook=\toks18
)
(/Users/jake/Library/Application Support/MiKTeX/texmfs/install/tex/latex/titles
ec/titlesec.sty
Package: titlesec 2025/01/04 v2.17 Sectioning titles
\ttl@box=\box52
\beforetitleunit=\skip51
\aftertitleunit=\skip52
\ttl@plus=\dimen142
\ttl@minus=\dimen143
\ttl@toksa=\toks19
\titlewidth=\dimen144
\titlewidthlast=\dimen145
\titlewidthfirst=\dimen146
)
(/Users/jake/Library/Application Support/MiKTeX/texmfs/install/tex/latex/fancyh
dr/fancyhdr.sty
Package: fancyhdr 2025/02/07 v5.2 Extensive control of page headers and footers

\f@nch@headwidth=\skip53
\f@nch@offset@elh=\skip54
\f@nch@offset@erh=\skip55
\f@nch@offset@olh=\skip56
\f@nch@offset@orh=\skip57
\f@nch@offset@elf=\skip58
\f@nch@offset@erf=\skip59
\f@nch@offset@olf=\skip60
\f@nch@offset@orf=\skip61
\f@nch@height=\skip62
\f@nch@footalignment=\skip63
\f@nch@widthL=\skip64
\f@nch@widthC=\skip65
\f@nch@widthR=\skip66
\@temptokenb=\toks20
)
(/Users/jake/Library/Application Support/MiKTeX/texmfs/install/tex/latex/geomet
ry/geometry.sty
Package: geometry 2020/01/02 v5.9 Page Geometry

(/Users/jake/Library/Application Support/MiKTeX/texmfs/install/tex/latex/graphi
cs/keyval.sty
Package: keyval 2022/05/29 v1.15 key=value parser (DPC)
\KV@toks@=\toks21
)
(/Users/jake/Library/Application Support/MiKTeX/texmfs/install/tex/generic/ifte
x/ifvtex.sty
Package: ifvtex 2019/10/25 v1.7 ifvtex legacy package. Use iftex instead.

(/Users/jake/Library/Application Support/MiKTeX/texmfs/install/tex/generic/ifte
x/iftex.sty
Package: iftex 2024/12/12 v1.0g TeX engine tests
))
\Gm@cnth=\count289
\Gm@cntv=\count290
\c@Gm@tempcnt=\count291
\Gm@bindingoffset=\dimen147
\Gm@wd@mp=\dimen148
\Gm@odd@mp=\dimen149
\Gm@even@mp=\dimen150
\Gm@layoutwidth=\dimen151
\Gm@layoutheight=\dimen152
\Gm@layouthoffset=\dimen153
\Gm@layoutvoffset=\dimen154
\Gm@dimlist=\toks22

(/Users/jake/Library/Application Support/MiKTeX/texmfs/install/tex/latex/geomet
ry/geometry.cfg))
(/Users/jake/Library/Application Support/MiKTeX/texmfs/install/tex/latex/base/f
ix-cm.sty
Package: fix-cm 2020/11/24 v1.1t fixes to LaTeX

(/Users/jake/Library/Application Support/MiKTeX/texmfs/install/tex/latex/base/t
s1enc.def
File: ts1enc.def 2001/06/05 v3.0e (jk/car/fm) Standard LaTeX file
LaTeX Font Info:    Redeclaring font encoding TS1 on input line 47.
))
(/Users/jake/Library/Application Support/MiKTeX/texmfs/install/tex/latex/hyperr
ef/hyperref.sty
Package: hyperref 2024-11-05 v7.01l Hypertext links for LaTeX

(/Users/jake/Library/Application Support/MiKTeX/texmfs/install/tex/latex/kvsetk
eys/kvsetkeys.sty
Package: kvsetkeys 2022-10-05 v1.19 Key value parser (HO)
)
(/Users/jake/Library/Application Support/MiKTeX/texmfs/install/tex/generic/kvde
finekeys/kvdefinekeys.sty
Package: kvdefinekeys 2019-12-19 v1.6 Define keys (HO)
)
(/Users/jake/Library/Application Support/MiKTeX/texmfs/install/tex/generic/pdfe
scape/pdfescape.sty
Package: pdfescape 2019/12/09 v1.15 Implements pdfTeX's escape features (HO)

(/Users/jake/Library/Application Support/MiKTeX/texmfs/install/tex/generic/ltxc
mds/ltxcmds.sty
Package: ltxcmds 2023-12-04 v1.26 LaTeX kernel commands for general use (HO)
)
(/Users/jake/Library/Application Support/MiKTeX/texmfs/install/tex/generic/pdft
excmds/pdftexcmds.sty
Package: pdftexcmds 2020-06-27 v0.33 Utility functions of pdfTeX for LuaTeX (HO
)

(/Users/jake/Library/Application Support/MiKTeX/texmfs/install/tex/generic/infw
arerr/infwarerr.sty
Package: infwarerr 2019/12/03 v1.5 Providing info/warning/error messages (HO)
)
Package pdftexcmds Info: \pdf@primitive is available.
Package pdftexcmds Info: \pdf@ifprimitive is available.
Package pdftexcmds Info: \pdfdraftmode found.
))
(/Users/jake/Library/Application Support/MiKTeX/texmfs/install/tex/latex/hycolo
r/hycolor.sty
Package: hycolor 2020-01-27 v1.10 Color options for hyperref/bookmark (HO)
)
(/Users/jake/Library/Application Support/MiKTeX/texmfs/install/tex/latex/hyperr
ef/nameref.sty
Package: nameref 2023-11-26 v2.56 Cross-referencing by name of section

(/Users/jake/Library/Application Support/MiKTeX/texmfs/install/tex/latex/refcou
nt/refcount.sty
Package: refcount 2019/12/15 v3.6 Data extraction from label references (HO)
)
(/Users/jake/Library/Application Support/MiKTeX/texmfs/install/tex/generic/gett
itlestring/gettitlestring.sty
Package: gettitlestring 2019/12/15 v1.6 Cleanup title references (HO)

(/Users/jake/Library/Application Support/MiKTeX/texmfs/install/tex/latex/kvopti
ons/kvoptions.sty
Package: kvoptions 2022-06-15 v3.15 Key value format for package options (HO)
))
\c@section@level=\count292
)
(/Users/jake/Library/Application Support/MiKTeX/texmfs/install/tex/latex/etoolb
ox/etoolbox.sty
Package: etoolbox 2025/02/11 v2.5l e-TeX tools for LaTeX (JAW)
\etb@tempcnta=\count293
)
(/Users/jake/Library/Application Support/MiKTeX/texmfs/install/tex/generic/stri
ngenc/stringenc.sty
Package: stringenc 2019/11/29 v1.12 Convert strings between diff. encodings (HO
)
)
\@linkdim=\dimen155
\Hy@linkcounter=\count294
\Hy@pagecounter=\count295

(/Users/jake/Library/Application Support/MiKTeX/texmfs/install/tex/latex/hyperr
ef/pd1enc.def
File: pd1enc.def 2024-11-05 v7.01l Hyperref: PDFDocEncoding definition (HO)
Now handling font encoding PD1 ...
... no UTF-8 mapping file for font encoding PD1
)
(/Users/jake/Library/Application Support/MiKTeX/texmfs/install/tex/generic/intc
alc/intcalc.sty
Package: intcalc 2019/12/15 v1.3 Expandable calculations with integers (HO)
)
\Hy@SavedSpaceFactor=\count296

(/Users/jake/Library/Application Support/MiKTeX/texmfs/install/tex/latex/hyperr
ef/puenc.def
File: puenc.def 2024-11-05 v7.01l Hyperref: PDF Unicode definition (HO)
Now handling font encoding PU ...
... no UTF-8 mapping file for font encoding PU
)
Package hyperref Info: Hyper figures OFF on input line 4157.
Package hyperref Info: Link nesting OFF on input line 4162.
Package hyperref Info: Hyper index ON on input line 4165.
Package hyperref Info: Plain pages OFF on input line 4172.
Package hyperref Info: Backreferencing OFF on input line 4177.
Package hyperref Info: Implicit mode ON; LaTeX internals redefined.
Package hyperref Info: Bookmarks ON on input line 4424.
\c@Hy@tempcnt=\count297

(/Users/jake/Library/Application Support/MiKTeX/texmfs/install/tex/latex/url/ur
l.sty
\Urlmuskip=\muskip17
Package: url 2013/09/16  ver 3.4  Verb mode for urls, etc.
)
LaTeX Info: Redefining \url on input line 4763.
\XeTeXLinkMargin=\dimen156

(/Users/jake/Library/Application Support/MiKTeX/texmfs/install/tex/generic/bits
et/bitset.sty
Package: bitset 2019/12/09 v1.3 Handle bit-vector datatype (HO)

(/Users/jake/Library/Application Support/MiKTeX/texmfs/install/tex/generic/bigi
ntcalc/bigintcalc.sty
Package: bigintcalc 2019/12/15 v1.5 Expandable calculations on big integers (HO
)
))
\Fld@menulength=\count298
\Field@Width=\dimen157
\Fld@charsize=\dimen158
Package hyperref Info: Hyper figures OFF on input line 6042.
Package hyperref Info: Link nesting OFF on input line 6047.
Package hyperref Info: Hyper index ON on input line 6050.
Package hyperref Info: backreferencing OFF on input line 6057.
Package hyperref Info: Link coloring OFF on input line 6062.
Package hyperref Info: Link coloring with OCG OFF on input line 6067.
Package hyperref Info: PDF/A mode OFF on input line 6072.

(/Users/jake/Library/Application Support/MiKTeX/texmfs/install/tex/latex/base/a
tbegshi-ltx.sty
Package: atbegshi-ltx 2021/01/10 v1.0c Emulation of the original atbegshi
package with kernel methods
)
\Hy@abspage=\count299
\c@Item=\count300
\c@Hfootnote=\count301
)
Package hyperref Info: Driver (autodetected): hpdftex.

(/Users/jake/Library/Application Support/MiKTeX/texmfs/install/tex/latex/hyperr
ef/hpdftex.def
File: hpdftex.def 2024-11-05 v7.01l Hyperref driver for pdfTeX

(/Users/jake/Library/Application Support/MiKTeX/texmfs/install/tex/latex/base/a
tveryend-ltx.sty
Package: atveryend-ltx 2020/08/19 v1.0a Emulation of the original atveryend pac
kage
with kernel methods
)
\Fld@listcount=\count302
\c@bookmark@seq@number=\count303

(/Users/jake/Library/Application Support/MiKTeX/texmfs/install/tex/latex/rerunf
ilecheck/rerunfilecheck.sty
Package: rerunfilecheck 2022-07-10 v1.10 Rerun checks for auxiliary files (HO)

(/Users/jake/Library/Application Support/MiKTeX/texmfs/install/tex/generic/uniq
uecounter/uniquecounter.sty
Package: uniquecounter 2019/12/15 v1.4 Provide unlimited unique counter (HO)
)
Package uniquecounter Info: New unique counter `rerunfilecheck' on input line 2
85.
)
\Hy@SectionHShift=\skip67
)
(/Users/jake/Library/Application Support/MiKTeX/texmfs/install/tex/latex/graphi
cs/graphicx.sty
Package: graphicx 2021/09/16 v1.2d Enhanced LaTeX Graphics (DPC,SPQR)

(/Users/jake/Library/Application Support/MiKTeX/texmfs/install/tex/latex/graphi
cs/graphics.sty
Package: graphics 2024/08/06 v1.4g Standard LaTeX Graphics (DPC,SPQR)

(/Users/jake/Library/Application Support/MiKTeX/texmfs/install/tex/latex/graphi
cs/trig.sty
Package: trig 2023/12/02 v1.11 sin cos tan (DPC)
)
(/Users/jake/Library/Application Support/MiKTeX/texmfs/install/tex/latex/graphi
cs-cfg/graphics.cfg
File: graphics.cfg 2016/06/04 v1.11 sample graphics configuration
)
Package graphics Info: Driver file: pdftex.def on input line 106.

(/Users/jake/Library/Application Support/MiKTeX/texmfs/install/tex/latex/graphi
cs-def/pdftex.def
File: pdftex.def 2024/04/13 v1.2c Graphics/color driver for pdftex
))
\Gin@req@height=\dimen159
\Gin@req@width=\dimen160
)
(/Users/jake/Library/Application Support/MiKTeX/texmfs/install/tex/latex/multir
ow/multirow.sty
Package: multirow 2024/11/12 v2.9 Span multiple rows of a table
\multirow@colwidth=\skip68
\multirow@cntb=\count304
\multirow@dima=\skip69
\bigstrutjot=\dimen161
)
(/Users/jake/Library/Application Support/MiKTeX/texmfs/install/tex/generic/babe
l/babel.sty
Package: babel 2025/02/14 v25.4 The multilingual framework for pdfLaTeX, LuaLaT
eX and XeLaTeX
\babel@savecnt=\count305
\U@D=\dimen162
\l@unhyphenated=\language79

(/Users/jake/Library/Application Support/MiKTeX/texmfs/install/tex/generic/babe
l/txtbabel.def)
\bbl@readstream=\read2
\bbl@dirlevel=\count306

*************************************
* Local config file bblopts.cfg used
*

(/Users/jake/Library/Application Support/MiKTeX/texmfs/install/tex/latex/arabi/
bblopts.cfg
File: bblopts.cfg 2005/09/08 v0.1 add Arabic and Farsi to "declared" options of
 babel
)
(/Users/jake/Library/Application Support/MiKTeX/texmfs/install/tex/latex/babel-
english/english.ldf
Language: english 2017/06/06 v3.3r English support from the babel system
Package babel Info: Hyphen rules for 'canadian' set to \l@english
(babel)             (\language0). Reported on input line 102.
Package babel Info: Hyphen rules for 'australian' set to \l@ukenglish
(babel)             (\language73). Reported on input line 105.
Package babel Info: Hyphen rules for 'newzealand' set to \l@ukenglish
(babel)             (\language73). Reported on input line 108.
))
(/Users/jake/Library/Application Support/MiKTeX/texmfs/install/tex/generic/babe
l/locale/en/babel-english.tex
Package babel Info: Importing font and identification data for english
(babel)             from babel-en.ini. Reported on input line 11.
)
(/Users/jake/Library/Application Support/MiKTeX/texmfs/install/tex/latex/toclof
t/tocloft.sty
Package: tocloft 2017/08/31 v2.3i parameterised ToC, etc., typesetting
Package tocloft Info: The document has chapter divisions on input line 51.
\cftparskip=\skip70
\cftbeforetoctitleskip=\skip71
\cftaftertoctitleskip=\skip72
\cftbeforepartskip=\skip73
\cftpartnumwidth=\skip74
\cftpartindent=\skip75
\cftbeforechapskip=\skip76
\cftchapindent=\skip77
\cftchapnumwidth=\skip78
\cftbeforesecskip=\skip79
\cftsecindent=\skip80
\cftsecnumwidth=\skip81
\cftbeforesubsecskip=\skip82
\cftsubsecindent=\skip83
\cftsubsecnumwidth=\skip84
\cftbeforesubsubsecskip=\skip85
\cftsubsubsecindent=\skip86
\cftsubsubsecnumwidth=\skip87
\cftbeforeparaskip=\skip88
\cftparaindent=\skip89
\cftparanumwidth=\skip90
\cftbeforesubparaskip=\skip91
\cftsubparaindent=\skip92
\cftsubparanumwidth=\skip93
\cftbeforeloftitleskip=\skip94
\cftafterloftitleskip=\skip95
\cftbeforefigskip=\skip96
\cftfigindent=\skip97
\cftfignumwidth=\skip98
\c@lofdepth=\count307
\c@lotdepth=\count308
\cftbeforelottitleskip=\skip99
\cftafterlottitleskip=\skip100
\cftbeforetabskip=\skip101
\cfttabindent=\skip102
\cfttabnumwidth=\skip103
)
(/Users/jake/Library/Application Support/MiKTeX/texmfs/install/tex/latex/l3back
end/l3backend-pdftex.def
File: l3backend-pdftex.def 2024-05-08 L3 backend support: PDF output (pdfTeX)
\l__color_backend_stack_int=\count309
\l__pdf_internal_box=\box53
)
No file main.aux.
\openout1 = `main.aux'.

LaTeX Font Info:    Checking defaults for OML/cmm/m/it on input line 27.
LaTeX Font Info:    ... okay on input line 27.
LaTeX Font Info:    Checking defaults for OMS/cmsy/m/n on input line 27.
LaTeX Font Info:    ... okay on input line 27.
LaTeX Font Info:    Checking defaults for OT1/cmr/m/n on input line 27.
LaTeX Font Info:    ... okay on input line 27.
LaTeX Font Info:    Checking defaults for T1/cmr/m/n on input line 27.
LaTeX Font Info:    ... okay on input line 27.
LaTeX Font Info:    Checking defaults for TS1/cmr/m/n on input line 27.
LaTeX Font Info:    ... okay on input line 27.
LaTeX Font Info:    Checking defaults for OMX/cmex/m/n on input line 27.
LaTeX Font Info:    ... okay on input line 27.
LaTeX Font Info:    Checking defaults for U/cmr/m/n on input line 27.
LaTeX Font Info:    ... okay on input line 27.
LaTeX Font Info:    Checking defaults for PD1/pdf/m/n on input line 27.
LaTeX Font Info:    ... okay on input line 27.
LaTeX Font Info:    Checking defaults for PU/pdf/m/n on input line 27.
LaTeX Font Info:    ... okay on input line 27.
*geometry* driver: auto-detecting
*geometry* detected driver: pdftex
*geometry* verbose mode - [ preamble ] result:
* driver: pdftex
* paper: a4paper
* layout: <same size as paper>
* layoutoffset:(h,v)=(0.0pt,0.0pt)
* modes: 
* h-part:(L,W,R)=(85.35826pt, 426.79135pt, 85.35826pt)
* v-part:(T,H,B)=(85.35826pt, 674.33032pt, 85.35826pt)
* \paperwidth=597.50787pt
* \paperheight=845.04684pt
* \textwidth=426.79135pt
* \textheight=674.33032pt
* \oddsidemargin=13.08827pt
* \evensidemargin=13.08827pt
* \topmargin=-23.91173pt
* \headheight=12.0pt
* \headsep=25.0pt
* \topskip=11.0pt
* \footskip=30.0pt
* \marginparwidth=50.0pt
* \marginparsep=10.0pt
* \columnsep=10.0pt
* \skip\footins=10.0pt plus 4.0pt minus 2.0pt
* \hoffset=0.0pt
* \voffset=0.0pt
* \mag=1000
* \@twocolumnfalse
* \@twosidefalse
* \@mparswitchfalse
* \@reversemarginfalse
* (1in=72.27pt=25.4mm, 1cm=28.453pt)

Package hyperref Info: Link coloring OFF on input line 27.
\@outlinefile=\write3
\openout3 = `main.out'.


(/Users/jake/Library/Application Support/MiKTeX/texmfs/install/tex/context/base
/mkii/supp-pdf.mkii
[Loading MPS to PDF converter (version 2006.09.02).]
\scratchcounter=\count310
\scratchdimen=\dimen163
\scratchbox=\box54
\nofMPsegments=\count311
\nofMParguments=\count312
\everyMPshowfont=\toks23
\MPscratchCnt=\count313
\MPscratchDim=\dimen164
\MPnumerator=\count314
\makeMPintoPDFobject=\count315
\everyMPtoPDFconversion=\toks24
)
(/Users/jake/Library/Application Support/MiKTeX/texmfs/install/tex/latex/epstop
df-pkg/epstopdf-base.sty
Package: epstopdf-base 2020-01-24 v2.11 Base part for package epstopdf
Package epstopdf-base Info: Redefining graphics rule for `.eps' on input line 4
85.

(/Users/jake/Library/Application Support/MiKTeX/texmfs/install/tex/latex/00mikt
ex/epstopdf-sys.cfg
File: epstopdf-sys.cfg 2021/03/18 v2.0 Configuration of epstopdf for MiKTeX
))
<USyd.jpg, id=3, 257.46187pt x 89.58469pt>
File: USyd.jpg Graphic file (type jpg)
<use USyd.jpg>
Package pdftex.def Info: USyd.jpg  used on input line 67.
(pdftex.def)             Requested size: 113.81102pt x 39.60054pt.
LaTeX Font Info:    External font `cmex10' loaded for size
(Font)              <10.95> on input line 79.
LaTeX Font Info:    External font `cmex10' loaded for size
(Font)              <8> on input line 79.
LaTeX Font Info:    External font `cmex10' loaded for size
(Font)              <6> on input line 79.

Overfull \hbox (3.06747pt too wide) in paragraph at lines 82--82
[]\T1/cmr/m/n/10.95 Foundation| 
 []



[1

{/Users/jake/Library/Application Support/MiKTeX/texmfs/data/fonts/map/pdftex/pd
ftex.map} <./USyd.jpg>]
No file main.toc.
\tf@toc=\write4
\openout4 = `main.toc'.



[1]
Underfull \hbox (badness 10000) in paragraph at lines 131--132

 []


Underfull \hbox (badness 10000) in paragraph at lines 133--134

 []



[2]
Underfull \hbox (badness 10000) in paragraph at lines 162--163

 []


Underfull \hbox (badness 10000) in paragraph at lines 171--172

 []


LaTeX Warning: Citation `sfia' on page 3 undefined on input line 175.


Underfull \hbox (badness 10000) in paragraph at lines 180--181

 []



[3]

[4]
Overfull \hbox (0.71706pt too wide) in paragraph at lines 237--238
[]\T1/cmr/m/n/10.95 We also shared col-lab-o-ra-tive work through the on-line s
ource repos-i-tory sys-tem, GitHub.
 []



[5]

LaTeX Warning: Citation `palma2023' on page 6 undefined on input line 265.


LaTeX Warning: Citation `palma2023' on page 6 undefined on input line 266.



[6]
<HiltonGit.png, id=52, 639.13782pt x 603.0028pt>
File: HiltonGit.png Graphic file (type png)
<use HiltonGit.png>
Package pdftex.def Info: HiltonGit.png  used on input line 285.
(pdftex.def)             Requested size: 170.71652pt x 161.06473pt.

Overfull \hbox (34.14017pt too wide) in paragraph at lines 285--286
 [][] 
 []

<latexHilton1.png, id=54, 1445.4pt x 903.375pt>
File: latexHilton1.png Graphic file (type png)
<use latexHilton1.png>
Package pdftex.def Info: latexHilton1.png  used on input line 291.
(pdftex.def)             Requested size: 170.71652pt x 106.69106pt.

Overfull \hbox (34.14017pt too wide) in paragraph at lines 291--292
 [][] 
 []

<latexHilton2.png, id=55, 1445.4pt x 903.375pt>
File: latexHilton2.png Graphic file (type png)
<use latexHilton2.png>
Package pdftex.def Info: latexHilton2.png  used on input line 297.
(pdftex.def)             Requested size: 170.71652pt x 106.69106pt.

Overfull \hbox (34.14017pt too wide) in paragraph at lines 297--298
 [][] 
 []


LaTeX Warning: Citation `palma2023' on page 7 undefined on input line 311.



[7 <./HiltonGit.png> <./latexHilton1.png> <./latexHilton2.png>]

LaTeX Warning: Citation `palma2023' on page 8 undefined on input line 314.


LaTeX Warning: Citation `anderson2008' on page 8 undefined on input line 314.

<compile.png, id=68, 1445.4pt x 903.375pt>
File: compile.png Graphic file (type png)
<use compile.png>
Package pdftex.def Info: compile.png  used on input line 327.
(pdftex.def)             Requested size: 170.71652pt x 106.69106pt.
<pull.jpg, id=69, 1445.4pt x 903.375pt>
File: pull.jpg Graphic file (type jpg)
<use pull.jpg>
Package pdftex.def Info: pull.jpg  used on input line 332.
(pdftex.def)             Requested size: 170.71652pt x 106.69106pt.
<addcommit.png, id=70, 1445.4pt x 903.375pt>
File: addcommit.png Graphic file (type png)
<use addcommit.png>
Package pdftex.def Info: addcommit.png  used on input line 341.
(pdftex.def)             Requested size: 170.71652pt x 106.69106pt.
<push.jpg, id=71, 1445.4pt x 903.375pt>
File: push.jpg Graphic file (type jpg)
<use push.jpg>
Package pdftex.def Info: push.jpg  used on input line 346.
(pdftex.def)             Requested size: 170.71652pt x 106.69106pt.


[8 <./compile.png> <./pull.jpg>]

[9 <./addcommit.png> <./push.jpg>]
Overfull \hbox (8.81985pt too wide) in paragraph at lines 371--373
[]\T1/cmr/m/n/10.95 References: [1]SFIA, ^^PSFIA 9 skills di-rec-tory A^^UZ,^^Q
 SFIA. https://sfia-online.org/en/sfia-
 []



[10

]
<skillsD1.png, id=97, 464.33475pt x 301.72725pt>
File: skillsD1.png Graphic file (type png)
<use skillsD1.png>
Package pdftex.def Info: skillsD1.png  used on input line 392.
(pdftex.def)             Requested size: 320.0935pt x 208.00786pt.
<skillsD2.png, id=98, 1136.44576pt x 617.9085pt>
File: skillsD2.png Graphic file (type png)
<use skillsD2.png>
Package pdftex.def Info: skillsD2.png  used on input line 395.
(pdftex.def)             Requested size: 320.0935pt x 174.0409pt.
<skillsD3.png, id=99, 387.849pt x 206.57175pt>
File: skillsD3.png Graphic file (type png)
<use skillsD3.png>
Package pdftex.def Info: skillsD3.png  used on input line 398.
(pdftex.def)             Requested size: 320.0935pt x 170.48367pt.


[11]

[12 <./skillsD1.png> <./skillsD2.png> <./skillsD3.png>]
Underfull \hbox (badness 10000) in paragraph at lines 409--410

 []


Underfull \hbox (badness 10000) in paragraph at lines 459--460

 []



[13]

[14]

[15]

[16]
No file main.bbl.
(main.aux)
 ***********
LaTeX2e <2024-11-01> patch level 2
L3 programming layer <2025-01-18>
 ***********


LaTeX Warning: There were undefined references.


Package rerunfilecheck Warning: File `main.out' has changed.
(rerunfilecheck)                Rerun to get outlines right
(rerunfilecheck)                or use package `bookmark'.

Package rerunfilecheck Info: Checksums for `main.out':
(rerunfilecheck)             Before: <no file>
(rerunfilecheck)             After:  627CFEB14B7743F2D742BCC667F773A4;3959.
 ) 
Here is how much of TeX's memory you used:
 11789 strings out of 473530
 193385 string characters out of 5706596
 607332 words of memory out of 5000000
 34818 multiletter control sequences out of 15000+600000
 570317 words of font info for 57 fonts, out of 8000000 for 9000
 1141 hyphenation exceptions out of 8191
 75i,9n,79p,939b,581s stack positions out of 10000i,1000n,20000p,200000b,200000s
 </Users/jake/Library/Application Support/MiKTeX/texmfs/data/fonts/pk/ljfour/
jknappen/ec/dpi650/ecbx1200.pk> </Users/jake/Library/Application Support/MiKTeX
/texmfs/data/fonts/pk/ljfour/jknappen/ec/dpi657/ecti1000.pk> </Users/jake/Libra
ry/Application Support/MiKTeX/texmfs/data/fonts/pk/ljfour/jknappen/ec/dpi657/ec
bx1000.pk> </Users/jake/Library/Application Support/MiKTeX/texmfs/data/fonts/pk
/ljfour/jknappen/ec/dpi600/ecrm0800.pk> </Users/jake/Library/Application Suppor
t/MiKTeX/texmfs/data/fonts/pk/ljfour/jknappen/ec/dpi750/ecbx1200.pk> </Users/ja
ke/Library/Application Support/MiKTeX/texmfs/data/fonts/pk/ljfour/jknappen/ec/d
pi1244/ecbx1200.pk> </Users/jake/Library/Application Support/MiKTeX/texmfs/data
/fonts/pk/ljfour/jknappen/ec/dpi657/tcrm1000.pk> </Users/jake/Library/Applicati
on Support/MiKTeX/texmfs/data/fonts/pk/ljfour/jknappen/ec/dpi657/ecrm1000.pk> <
/Users/jake/Library/Application Support/MiKTeX/texmfs/data/fonts/pk/ljfour/jkna
ppen/ec/dpi600/ecbx1200.pk> </Users/jake/Library/Application Support/MiKTeX/tex
mfs/data/fonts/pk/ljfour/jknappen/ec/dpi1037/ecbx1200.pk></Users/jake/Library/A
pplication Support/MiKTeX/texmfs/install/fonts/type1/public/amsfonts/cm/cmsy10.
pfb>
Output written on main.pdf (17 pages, 22015456 bytes).
PDF statistics:
 520 PDF objects out of 1000 (max. 8388607)
 63 named destinations out of 1000 (max. 500000)
 56 words of extra memory for PDF output out of 10000 (max. 10000000)

